Build started 3.2.2014 20:07:21.
     1>Project "C:\Users\Home\Documents\Visual Studio 2012\Projects\GenderRecognizer\GenderRecognizer\GenderRecognizer.vcxproj" on node 2 (Build target(s)).
     1>InitializeBuildStatus:
         Creating "Debug\GenderRecognizer.unsuccessfulbuild" because "AlwaysCreate" was specified.
       ClCompile:
         C:\Program Files\Microsoft Visual Studio 11.0\VC\bin\CL.exe /c /ZI /nologo /W3 /WX- /Od /Oy- /D WIN32 /D _DEBUG /D _CONSOLE /D _UNICODE /D UNICODE /Gm /EHsc /RTC1 /MDd /GS /fp:precise /Zc:wchar_t /Zc:forScope /Fo"Debug\\" /Fd"Debug\vc110.pdb" /Gd /TP /analyze- /errorReport:prompt FaceAlignment.cpp GenderRecognizer.cpp exampleTest.cpp
         FaceAlignment.cpp
     1>c:\users\home\documents\visual studio 2012\projects\genderrecognizer\genderrecognizer\facealignment.cpp(26): warning C4244: '=' : conversion from 'double' to 'float', possible loss of data
         Generating Code...
     1>c:\users\home\documents\visual studio 2012\projects\genderrecognizer\genderrecognizer\facealignment.cpp(41): warning C4715: 'FaceAlignment::alignFace' : not all control paths return a value
     1>c:\users\home\documents\visual studio 2012\projects\genderrecognizer\genderrecognizer\facealignment.cpp(87): warning C4715: 'FaceAlignment::findLandmarks' : not all control paths return a value
         Skipping... (no relevant changes detected)
         exampleTest.cpp
         GenderRecognizer.cpp
       Link:
         C:\Program Files\Microsoft Visual Studio 11.0\VC\bin\link.exe /ERRORREPORT:PROMPT /OUT:"C:\Users\Home\Documents\Visual Studio 2012\Projects\GenderRecognizer\Debug\GenderRecognizer.exe" /INCREMENTAL /NOLOGO opencv_calib3d246d.lib opencv_contrib246d.lib opencv_core246d.lib opencv_features2d246d.lib opencv_flann246d.lib opencv_haartraining_engined.lib opencv_gpu246d.lib opencv_highgui246d.lib opencv_imgproc246d.lib opencv_legacy246d.lib opencv_ml246d.lib opencv_objdetect246d.lib opencv_video246d.lib opencv_ocl246d.lib opencv_nonfree246d.lib kernel32.lib user32.lib gdi32.lib winspool.lib comdlg32.lib advapi32.lib shell32.lib ole32.lib oleaut32.lib uuid.lib odbc32.lib odbccp32.lib /MANIFEST /MANIFESTUAC:"level='asInvoker' uiAccess='false'" /manifest:embed /DEBUG /PDB:"C:\Users\Home\Documents\Visual Studio 2012\Projects\GenderRecognizer\Debug\GenderRecognizer.pdb" /SUBSYSTEM:CONSOLE /TLBID:1 /DYNAMICBASE /NXCOMPAT /IMPLIB:"C:\Users\Home\Documents\Visual Studio 2012\Projects\GenderRecognizer\Debug\GenderRecognizer.lib" /MACHINE:X86 Debug\FaceAlignment.obj
         Debug\flandmark_detector.obj
         Debug\GenderRecognizer.obj
         Debug\liblbp.obj
         Debug\exampleTest.obj
         GenderRecognizer.vcxproj -> C:\Users\Home\Documents\Visual Studio 2012\Projects\GenderRecognizer\Debug\GenderRecognizer.exe
       FinalizeBuildStatus:
         Deleting file "Debug\GenderRecognizer.unsuccessfulbuild".
         Touching "Debug\GenderRecognizer.lastbuildstate".
     1>Done Building Project "C:\Users\Home\Documents\Visual Studio 2012\Projects\GenderRecognizer\GenderRecognizer\GenderRecognizer.vcxproj" (Build target(s)).

Build succeeded.

Time Elapsed 00:00:02.87
